<?xml version="1.0" encoding="UTF-8"?>
<testsuite xmlns:xsi="http://www.w3.org/2001/XMLSchema-instance" xsi:noNamespaceSchemaLocation="https://maven.apache.org/surefire/maven-surefire-plugin/xsd/surefire-test-report-3.0.xsd" version="3.0" name="com.Cats.index.IndexApplicationTests" time="15.566" tests="1" errors="0" skipped="0" failures="0">
  <properties>
[...]
</properties>
  <testcase name="contextLoads" classname="com.Cats.index.IndexApplicationTests" time="0.639">
    <system-out><![CDATA[22:05:16.203 [main] INFO org.springframework.test.context.support.AnnotationConfigContextLoaderUtils -- Could not detect default configuration classes for test class [com.Cats.index.IndexApplicationTests]: IndexApplicationTests does not declare any static, non-private, non-final, nested classes annotated with @Configuration.
22:05:16.363 [main] INFO org.springframework.boot.test.context.SpringBootTestContextBootstrapper -- Found @SpringBootConfiguration com.Cats.index.IndexApplication for test class com.Cats.index.IndexApplicationTests
22:05:16.788 [main] INFO org.springframework.boot.devtools.restart.RestartApplicationListener -- Restart disabled due to context in which it is running

  .   ____          _            __ _ _
 /\\ / ___'_ __ _ _(_)_ __  __ _ \ \ \ \
( ( )\___ | '_ | '_| | '_ \/ _` | \ \ \ \
 \\/  ___)| |_)| | | | | || (_| |  ) ) ) )
  '  |____| .__|_| |_|_| |_\__, | / / / /
 =========|_|==============|___/=/_/_/_/
 :: Spring Boot ::                (v3.2.3)

2024-03-20T22:05:17.334-03:00  INFO 9436 --- [           main] com.Cats.index.IndexApplicationTests     : Starting IndexApplicationTests using Java 19.0.2 with PID 9436 (started by Sergio in C:\Users\Sergio\Documents\MEGAsync\CatsSoftwareFactory\Cats Back)
2024-03-20T22:05:17.337-03:00  INFO 9436 --- [           main] com.Cats.index.IndexApplicationTests     : No active profile set, falling back to 1 default profile: "default"
2024-03-20T22:05:19.311-03:00  INFO 9436 --- [           main] .s.d.r.c.RepositoryConfigurationDelegate : Bootstrapping Spring Data JPA repositories in DEFAULT mode.
2024-03-20T22:05:19.675-03:00  INFO 9436 --- [           main] .s.d.r.c.RepositoryConfigurationDelegate : Finished Spring Data repository scanning in 306 ms. Found 4 JPA repository interfaces.
2024-03-20T22:05:21.270-03:00  INFO 9436 --- [           main] com.zaxxer.hikari.HikariDataSource       : HikariPool-1 - Starting...
2024-03-20T22:05:24.285-03:00  INFO 9436 --- [           main] com.zaxxer.hikari.pool.HikariPool        : HikariPool-1 - Added connection com.mysql.cj.jdbc.ConnectionImpl@36478bce
2024-03-20T22:05:24.288-03:00  INFO 9436 --- [           main] com.zaxxer.hikari.HikariDataSource       : HikariPool-1 - Start completed.
2024-03-20T22:05:24.355-03:00  INFO 9436 --- [           main] o.hibernate.jpa.internal.util.LogHelper  : HHH000204: Processing PersistenceUnitInfo [name: default]
2024-03-20T22:05:24.444-03:00  INFO 9436 --- [           main] org.hibernate.Version                    : HHH000412: Hibernate ORM core version 6.4.4.Final
2024-03-20T22:05:24.498-03:00  INFO 9436 --- [           main] o.h.c.internal.RegionFactoryInitiator    : HHH000026: Second-level cache disabled
2024-03-20T22:05:24.984-03:00  INFO 9436 --- [           main] o.s.o.j.p.SpringPersistenceUnitInfo      : No LoadTimeWeaver setup: ignoring JPA class transformer
2024-03-20T22:05:25.622-03:00  WARN 9436 --- [           main] org.hibernate.orm.deprecation            : HHH90000025: MySQLDialect does not need to be specified explicitly using 'hibernate.dialect' (remove the property setting and it will be selected by default)
2024-03-20T22:05:27.175-03:00  INFO 9436 --- [           main] o.h.e.t.j.p.i.JtaPlatformInitiator       : HHH000489: No JTA platform available (set 'hibernate.transaction.jta.platform' to enable JTA platform integration)
2024-03-20T22:05:27.181-03:00  INFO 9436 --- [           main] j.LocalContainerEntityManagerFactoryBean : Initialized JPA EntityManagerFactory for persistence unit 'default'
2024-03-20T22:05:28.419-03:00  INFO 9436 --- [           main] o.s.d.j.r.query.QueryEnhancerFactory     : Hibernate is in classpath; If applicable, HQL parser will be used.
2024-03-20T22:05:29.336-03:00  WARN 9436 --- [           main] JpaBaseConfiguration$JpaWebConfiguration : spring.jpa.open-in-view is enabled by default. Therefore, database queries may be performed during view rendering. Explicitly configure spring.jpa.open-in-view to disable this warning
2024-03-20T22:05:30.183-03:00  INFO 9436 --- [           main] o.s.s.web.DefaultSecurityFilterChain     : Will secure any request with [org.springframework.security.web.session.DisableEncodeUrlFilter@41a940a9, org.springframework.security.web.context.request.async.WebAsyncManagerIntegrationFilter@423e35f0, org.springframework.security.web.context.SecurityContextHolderFilter@39e0fe23, org.springframework.security.web.header.HeaderWriterFilter@24e6bd00, org.springframework.web.filter.CorsFilter@14bbfdee, org.springframework.security.web.authentication.logout.LogoutFilter@68226b59, com.Cats.index.Configuration.JWTAuthenticationFilter@1a22325d, org.springframework.security.web.savedrequest.RequestCacheAwareFilter@5e05dd42, org.springframework.security.web.servletapi.SecurityContextHolderAwareRequestFilter@246701d5, org.springframework.security.web.authentication.AnonymousAuthenticationFilter@139a97e7, org.springframework.security.web.session.SessionManagementFilter@6bb2dae6, org.springframework.security.web.access.ExceptionTranslationFilter@3a89f2a0, org.springframework.security.web.access.intercept.AuthorizationFilter@41185195]
2024-03-20T22:05:30.682-03:00  WARN 9436 --- [           main] ion$DefaultTemplateResolverConfiguration : Cannot find template location: classpath:/templates/ (please add some templates, check your Thymeleaf configuration, or set spring.thymeleaf.check-template-location=false)
2024-03-20T22:05:30.853-03:00  INFO 9436 --- [           main] com.Cats.index.IndexApplicationTests     : Started IndexApplicationTests in 14.098 seconds (process running for 15.663)
]]></system-out>
  </testcase>
</testsuite>